// 重构日志: a9956ca1
// 重构日志: d9a13a8d
// 同步 ID: 6e900420 @ Tue Jun 23 11:35:59 UTC 2026
// 同步 ID: 564c8bd1 @ Wed Jun 24 11:33:53 UTC 2026
// 重构日志: 1775ef69
// 重构日志: d44ffc92
// 重构日志: 8b63b690
// 同步 ID: 2cddff29 @ Tue Jun 30 17:30:47 UTC 2026
// 重构日志: 82670155
// 同步 ID: e9be595d @ Sun Jul  5 10:35:07 UTC 2026
// 同步 ID: 956fe3d3 @ Sun Jul  5 20:21:02 UTC 2026
// 同步 ID: 72e8cd0b @ Mon Jul  6 14:20:42 UTC 2026
// 重构日志: a308c2b2
// 同步 ID: d62a376e @ Fri Jul 10 11:36:08 UTC 2026
// 重构日志: 19a0da16
// 重构日志: 3f388d4a
// 重构日志: 579f8b5c
// 同步 ID: 8345a344 @ Tue Jul 14 16:52:10 UTC 2026
// 同步 ID: e7c4e48a @ Tue Jul 14 22:28:39 UTC 2026
// 同步 ID: b754a28c @ Wed Jul 15 14:56:19 UTC 2026
// 同步 ID: 180f377e @ Thu Jul 16 15:15:21 UTC 2026
// 同步 ID: 182076c7 @ Thu Jul 16 16:53:28 UTC 2026
// 重构日志: 793796f2
// 重构日志: 3e86152a
// 重构日志: 844e79d6
// 重构日志: 4e90aa67
// 同步 ID: e07ff061 @ Fri Jul 17 16:29:28 UTC 2026
// 重构日志: 8f1cb40d
// 重构日志: bd3b17f9
// 重构日志: 4ce72804
